This file contains any messages produced by compilers while
running configure, to aid debugging if configure makes a mistake.

It was created by bsp configure 5.2, which was
generated by GNU Autoconf 2.59.  Invocation command line was

  $ ./configure 

## --------- ##
## Platform. ##
## --------- ##

hostname = thelio
uname -m = x86_64
uname -r = 5.8.0-7630-generic
uname -s = Linux
uname -v = #32~1606339263~20.10~61c3910-Ubuntu SMP Thu Nov 26 00:10:35 UTC 

/usr/bin/uname -p = x86_64
/bin/uname -X     = unknown

/bin/arch              = x86_64
/usr/bin/arch -k       = unknown
/usr/convex/getsysinfo = unknown
hostinfo               = unknown
/bin/machine           = unknown
/usr/bin/oslevel       = unknown
/bin/universe          = unknown

PATH: /opt/devkitpro/tools/bin
PATH: /home/ranguli/.local/bin
PATH: /opt/devkitpro/tools/bin
PATH: /usr/local/sbin
PATH: /usr/local/bin
PATH: /usr/sbin
PATH: /usr/bin
PATH: /sbin
PATH: /bin
PATH: /usr/games
PATH: /usr/local/games
PATH: /snap/bin
PATH: /home/ranguli/Projects/bB
PATH: /usr/local/ps2dev/bin
PATH: /usr/local/ps2dev/ee/bin
PATH: /usr/local/ps2dev/iop/bin
PATH: /usr/local/ps2dev/dvp/bin
PATH: /usr/local/ps2dev/ps2sdk/bin


## ----------- ##
## Core tests. ##
## ----------- ##

configure:1357: checking for a BSD-compatible install
configure:1412: result: /usr/bin/install -c
configure:1423: checking whether build environment is sane
configure:1466: result: yes
configure:1531: checking for gawk
configure:1547: found /usr/bin/gawk
configure:1557: result: gawk
configure:1567: checking whether make sets $(MAKE)
configure:1587: result: yes
configure:1755: checking whether to enable maintainer-specific portions of Makefiles
configure:1764: result: no
configure:1797: checking for style of include used by make
configure:1825: result: GNU
configure:1896: checking for gcc
configure:1912: found /usr/bin/gcc
configure:1922: result: gcc
configure:2166: checking for C compiler version
configure:2169: gcc --version </dev/null >&5
gcc (Ubuntu 10.2.0-13ubuntu1) 10.2.0
Copyright (C) 2020 Free Software Foundation, Inc.
This is free software; see the source for copying conditions.  There is NO
warranty; not even for MERCHANTABILITY or FITNESS FOR A PARTICULAR PURPOSE.

configure:2172: $? = 0
configure:2174: gcc -v </dev/null >&5
Using built-in specs.
COLLECT_GCC=gcc
COLLECT_LTO_WRAPPER=/usr/lib/gcc/x86_64-linux-gnu/10/lto-wrapper
OFFLOAD_TARGET_NAMES=nvptx-none:amdgcn-amdhsa:hsa
OFFLOAD_TARGET_DEFAULT=1
Target: x86_64-linux-gnu
Configured with: ../src/configure -v --with-pkgversion='Ubuntu 10.2.0-13ubuntu1' --with-bugurl=file:///usr/share/doc/gcc-10/README.Bugs --enable-languages=c,ada,c++,go,brig,d,fortran,objc,obj-c++,m2 --prefix=/usr --with-gcc-major-version-only --program-suffix=-10 --program-prefix=x86_64-linux-gnu- --enable-shared --enable-linker-build-id --libexecdir=/usr/lib --without-included-gettext --enable-threads=posix --libdir=/usr/lib --enable-nls --enable-clocale=gnu --enable-libstdcxx-debug --enable-libstdcxx-time=yes --with-default-libstdcxx-abi=new --enable-gnu-unique-object --disable-vtable-verify --enable-plugin --enable-default-pie --with-system-zlib --enable-libphobos-checking=release --with-target-system-zlib=auto --enable-objc-gc=auto --enable-multiarch --disable-werror --with-arch-32=i686 --with-abi=m64 --with-multilib-list=m32,m64,mx32 --enable-multilib --with-tune=generic --enable-offload-targets=nvptx-none=/build/gcc-10-JvwpWM/gcc-10-10.2.0/debian/tmp-nvptx/usr,amdgcn-amdhsa=/build/gcc-10-JvwpWM/gcc-10-10.2.0/debian/tmp-gcn/usr,hsa --without-cuda-driver --enable-checking=release --build=x86_64-linux-gnu --host=x86_64-linux-gnu --target=x86_64-linux-gnu
Thread model: posix
Supported LTO compression algorithms: zlib zstd
gcc version 10.2.0 (Ubuntu 10.2.0-13ubuntu1) 
configure:2177: $? = 0
configure:2179: gcc -V </dev/null >&5
gcc: error: unrecognized command-line option '-V'
gcc: fatal error: no input files
compilation terminated.
configure:2182: $? = 1
configure:2205: checking for C compiler default output file name
configure:2208: gcc -O2 -fomit-frame-pointer   conftest.c  >&5
configure:2211: $? = 0
configure:2257: result: a.out
configure:2262: checking whether the C compiler works
configure:2268: ./a.out
configure:2271: $? = 0
configure:2288: result: yes
configure:2295: checking whether we are cross compiling
configure:2297: result: no
configure:2300: checking for suffix of executables
configure:2302: gcc -o conftest -O2 -fomit-frame-pointer   conftest.c  >&5
configure:2305: $? = 0
configure:2330: result: 
configure:2336: checking for suffix of object files
configure:2357: gcc -c -O2 -fomit-frame-pointer  conftest.c >&5
configure:2360: $? = 0
configure:2382: result: o
configure:2386: checking whether we are using the GNU C compiler
configure:2410: gcc -c -O2 -fomit-frame-pointer  conftest.c >&5
configure:2416: $? = 0
configure:2419: test -z 			 || test ! -s conftest.err
configure:2422: $? = 0
configure:2425: test -s conftest.o
configure:2428: $? = 0
configure:2441: result: yes
configure:2447: checking whether gcc accepts -g
configure:2468: gcc -c -g  conftest.c >&5
configure:2474: $? = 0
configure:2477: test -z 			 || test ! -s conftest.err
configure:2480: $? = 0
configure:2483: test -s conftest.o
configure:2486: $? = 0
configure:2497: result: yes
configure:2514: checking for gcc option to accept ANSI C
configure:2584: gcc  -c -O2 -fomit-frame-pointer  conftest.c >&5
configure:2590: $? = 0
configure:2593: test -z 			 || test ! -s conftest.err
configure:2596: $? = 0
configure:2599: test -s conftest.o
configure:2602: $? = 0
configure:2620: result: none needed
configure:2638: gcc -c -O2 -fomit-frame-pointer  conftest.c >&5
conftest.c:2:3: error: unknown type name 'choke'
    2 |   choke me
      |   ^~~~~
conftest.c:2:3: error: expected '=', ',', ';', 'asm' or '__attribute__' at end of input
configure:2644: $? = 1
configure: failed program was:
| #ifndef __cplusplus
|   choke me
| #endif
configure:2776: checking dependency style of gcc
configure:2866: result: gcc3
configure:2888: checking whether compiler supports -Wall
configure:2909: gcc -c -O2 -fomit-frame-pointer -Wall  conftest.c >&5
conftest.c:16:8: warning: 'f' defined but not used [-Wunused-function]
   16 |   void f() {};
      |        ^
configure:2915: $? = 0
configure:2918: test -z 			 || test ! -s conftest.err
configure:2921: $? = 0
configure:2924: test -s conftest.o
configure:2927: $? = 0
configure:2931: result: yes
configure:2888: checking whether compiler supports -Wextra
configure:2909: gcc -c -O2 -fomit-frame-pointer -Wall -Wextra  conftest.c >&5
conftest.c:16:8: warning: 'f' defined but not used [-Wunused-function]
   16 |   void f() {};
      |        ^
configure:2915: $? = 0
configure:2918: test -z 			 || test ! -s conftest.err
configure:2921: $? = 0
configure:2924: test -s conftest.o
configure:2927: $? = 0
configure:2931: result: yes
configure:2888: checking whether compiler supports -ffast-math
configure:2909: gcc -c -O2 -fomit-frame-pointer -Wall -Wextra -ffast-math  conftest.c >&5
conftest.c:16:8: warning: 'f' defined but not used [-Wunused-function]
   16 |   void f() {};
      |        ^
configure:2915: $? = 0
configure:2918: test -z 			 || test ! -s conftest.err
configure:2921: $? = 0
configure:2924: test -s conftest.o
configure:2927: $? = 0
configure:2931: result: yes
configure:2888: checking whether compiler supports -pipe
configure:2909: gcc -c -O2 -fomit-frame-pointer -Wall -Wextra -ffast-math -pipe  conftest.c >&5
conftest.c:16:8: warning: 'f' defined but not used [-Wunused-function]
   16 |   void f() {};
      |        ^
configure:2915: $? = 0
configure:2918: test -z 			 || test ! -s conftest.err
configure:2921: $? = 0
configure:2924: test -s conftest.o
configure:2927: $? = 0
configure:2931: result: yes
configure:2888: checking whether compiler supports -march=native
configure:2909: gcc -c -O2 -fomit-frame-pointer -Wall -Wextra -ffast-math -pipe -march=native  conftest.c >&5
conftest.c:16:8: warning: 'f' defined but not used [-Wunused-function]
   16 |   void f() {};
      |        ^
configure:2915: $? = 0
configure:2918: test -z 			 || test ! -s conftest.err
configure:2921: $? = 0
configure:2924: test -s conftest.o
configure:2927: $? = 0
configure:2931: result: yes
configure:2888: checking whether compiler supports -Winline
configure:2909: gcc -c -O2 -fomit-frame-pointer -Wall -Wextra -ffast-math -pipe -march=native -Winline  conftest.c >&5
conftest.c:16:8: warning: 'f' defined but not used [-Wunused-function]
   16 |   void f() {};
      |        ^
configure:2915: $? = 0
configure:2918: test -z 			 || test ! -s conftest.err
configure:2921: $? = 0
configure:2924: test -s conftest.o
configure:2927: $? = 0
configure:2931: result: yes
configure:2888: checking whether compiler supports -Wwrite-strings
configure:2909: gcc -c -O2 -fomit-frame-pointer -Wall -Wextra -ffast-math -pipe -march=native -Winline -Wwrite-strings  conftest.c >&5
conftest.c:16:8: warning: 'f' defined but not used [-Wunused-function]
   16 |   void f() {};
      |        ^
configure:2915: $? = 0
configure:2918: test -z 			 || test ! -s conftest.err
configure:2921: $? = 0
configure:2924: test -s conftest.o
configure:2927: $? = 0
configure:2931: result: yes
configure:2888: checking whether compiler supports -Wundef
configure:2909: gcc -c -O2 -fomit-frame-pointer -Wall -Wextra -ffast-math -pipe -march=native -Winline -Wwrite-strings -Wundef  conftest.c >&5
conftest.c:16:8: warning: 'f' defined but not used [-Wunused-function]
   16 |   void f() {};
      |        ^
configure:2915: $? = 0
configure:2918: test -z 			 || test ! -s conftest.err
configure:2921: $? = 0
configure:2924: test -s conftest.o
configure:2927: $? = 0
configure:2931: result: yes
configure:2888: checking whether compiler supports -Wbad-function-cast
configure:2909: gcc -c -O2 -fomit-frame-pointer -Wall -Wextra -ffast-math -pipe -march=native -Winline -Wwrite-strings -Wundef -Wbad-function-cast  conftest.c >&5
conftest.c:16:8: warning: 'f' defined but not used [-Wunused-function]
   16 |   void f() {};
      |        ^
configure:2915: $? = 0
configure:2918: test -z 			 || test ! -s conftest.err
configure:2921: $? = 0
configure:2924: test -s conftest.o
configure:2927: $? = 0
configure:2931: result: yes
configure:2888: checking whether compiler supports -Wcast-align
configure:2909: gcc -c -O2 -fomit-frame-pointer -Wall -Wextra -ffast-math -pipe -march=native -Winline -Wwrite-strings -Wundef -Wbad-function-cast -Wcast-align  conftest.c >&5
conftest.c:16:8: warning: 'f' defined but not used [-Wunused-function]
   16 |   void f() {};
      |        ^
configure:2915: $? = 0
configure:2918: test -z 			 || test ! -s conftest.err
configure:2921: $? = 0
configure:2924: test -s conftest.o
configure:2927: $? = 0
configure:2931: result: yes
configure:2888: checking whether compiler supports -Wcast-qual
configure:2909: gcc -c -O2 -fomit-frame-pointer -Wall -Wextra -ffast-math -pipe -march=native -Winline -Wwrite-strings -Wundef -Wbad-function-cast -Wcast-align -Wcast-qual  conftest.c >&5
conftest.c:16:8: warning: 'f' defined but not used [-Wunused-function]
   16 |   void f() {};
      |        ^
configure:2915: $? = 0
configure:2918: test -z 			 || test ! -s conftest.err
configure:2921: $? = 0
configure:2924: test -s conftest.o
configure:2927: $? = 0
configure:2931: result: yes
configure:2888: checking whether compiler supports -Wdeclaration-after-statement
configure:2909: gcc -c -O2 -fomit-frame-pointer -Wall -Wextra -ffast-math -pipe -march=native -Winline -Wwrite-strings -Wundef -Wbad-function-cast -Wcast-align -Wcast-qual -Wdeclaration-after-statement  conftest.c >&5
conftest.c:16:8: warning: 'f' defined but not used [-Wunused-function]
   16 |   void f() {};
      |        ^
configure:2915: $? = 0
configure:2918: test -z 			 || test ! -s conftest.err
configure:2921: $? = 0
configure:2924: test -s conftest.o
configure:2927: $? = 0
configure:2931: result: yes
configure:3065: checking for gcc
configure:3091: result: gcc
configure:3335: checking for C compiler version
configure:3338: gcc --version </dev/null >&5
gcc (Ubuntu 10.2.0-13ubuntu1) 10.2.0
Copyright (C) 2020 Free Software Foundation, Inc.
This is free software; see the source for copying conditions.  There is NO
warranty; not even for MERCHANTABILITY or FITNESS FOR A PARTICULAR PURPOSE.

configure:3341: $? = 0
configure:3343: gcc -v </dev/null >&5
Using built-in specs.
COLLECT_GCC=gcc
COLLECT_LTO_WRAPPER=/usr/lib/gcc/x86_64-linux-gnu/10/lto-wrapper
OFFLOAD_TARGET_NAMES=nvptx-none:amdgcn-amdhsa:hsa
OFFLOAD_TARGET_DEFAULT=1
Target: x86_64-linux-gnu
Configured with: ../src/configure -v --with-pkgversion='Ubuntu 10.2.0-13ubuntu1' --with-bugurl=file:///usr/share/doc/gcc-10/README.Bugs --enable-languages=c,ada,c++,go,brig,d,fortran,objc,obj-c++,m2 --prefix=/usr --with-gcc-major-version-only --program-suffix=-10 --program-prefix=x86_64-linux-gnu- --enable-shared --enable-linker-build-id --libexecdir=/usr/lib --without-included-gettext --enable-threads=posix --libdir=/usr/lib --enable-nls --enable-clocale=gnu --enable-libstdcxx-debug --enable-libstdcxx-time=yes --with-default-libstdcxx-abi=new --enable-gnu-unique-object --disable-vtable-verify --enable-plugin --enable-default-pie --with-system-zlib --enable-libphobos-checking=release --with-target-system-zlib=auto --enable-objc-gc=auto --enable-multiarch --disable-werror --with-arch-32=i686 --with-abi=m64 --with-multilib-list=m32,m64,mx32 --enable-multilib --with-tune=generic --enable-offload-targets=nvptx-none=/build/gcc-10-JvwpWM/gcc-10-10.2.0/debian/tmp-nvptx/usr,amdgcn-amdhsa=/build/gcc-10-JvwpWM/gcc-10-10.2.0/debian/tmp-gcn/usr,hsa --without-cuda-driver --enable-checking=release --build=x86_64-linux-gnu --host=x86_64-linux-gnu --target=x86_64-linux-gnu
Thread model: posix
Supported LTO compression algorithms: zlib zstd
gcc version 10.2.0 (Ubuntu 10.2.0-13ubuntu1) 
configure:3346: $? = 0
configure:3348: gcc -V </dev/null >&5
gcc: error: unrecognized command-line option '-V'
gcc: fatal error: no input files
compilation terminated.
configure:3351: $? = 1
configure:3354: checking whether we are using the GNU C compiler
configure:3409: result: yes
configure:3415: checking whether gcc accepts -g
configure:3465: result: yes
configure:3482: checking for gcc option to accept ANSI C
configure:3588: result: none needed
configure:3606: gcc -c -O2 -fomit-frame-pointer -Wall -Wextra -ffast-math -pipe -march=native -Winline -Wwrite-strings -Wundef -Wbad-function-cast -Wcast-align -Wcast-qual -Wdeclaration-after-statement  conftest.c >&5
conftest.c:2:3: error: unknown type name 'choke'
    2 |   choke me
      |   ^~~~~
conftest.c:2:3: error: expected '=', ',', ';', 'asm' or '__attribute__' at end of input
configure:3612: $? = 1
configure: failed program was:
| #ifndef __cplusplus
|   choke me
| #endif
configure:3744: checking dependency style of gcc
configure:3834: result: gcc3
configure:3851: checking for inline
configure:3872: gcc -c -O2 -fomit-frame-pointer -Wall -Wextra -ffast-math -pipe -march=native -Winline -Wwrite-strings -Wundef -Wbad-function-cast -Wcast-align -Wcast-qual -Wdeclaration-after-statement  conftest.c >&5
configure:3878: $? = 0
configure:3881: test -z 			 || test ! -s conftest.err
configure:3884: $? = 0
configure:3887: test -s conftest.o
configure:3890: $? = 0
configure:3902: result: inline
configure:3921: checking whether byte ordering is bigendian
configure:3948: gcc -c -O2 -fomit-frame-pointer -Wall -Wextra -ffast-math -pipe -march=native -Winline -Wwrite-strings -Wundef -Wbad-function-cast -Wcast-align -Wcast-qual -Wdeclaration-after-statement  conftest.c >&5
configure:3954: $? = 0
configure:3957: test -z 			 || test ! -s conftest.err
configure:3960: $? = 0
configure:3963: test -s conftest.o
configure:3966: $? = 0
configure:3990: gcc -c -O2 -fomit-frame-pointer -Wall -Wextra -ffast-math -pipe -march=native -Winline -Wwrite-strings -Wundef -Wbad-function-cast -Wcast-align -Wcast-qual -Wdeclaration-after-statement  conftest.c >&5
conftest.c: In function 'main':
conftest.c:18:2: error: unknown type name 'not'; did you mean 'ino_t'?
   18 |  not big endian
      |  ^~~
      |  ino_t
conftest.c:18:10: error: expected '=', ',', ';', 'asm' or '__attribute__' before 'endian'
   18 |  not big endian
      |          ^~~~~~
configure:3996: $? = 1
configure: failed program was:
| /* confdefs.h.  */
| 
| #define PACKAGE_NAME "bsp"
| #define PACKAGE_TARNAME "bsp"
| #define PACKAGE_VERSION "5.2"
| #define PACKAGE_STRING "bsp 5.2"
| #define PACKAGE_BUGREPORT ""
| #define PACKAGE "bsp"
| #define VERSION "5.2"
| /* end confdefs.h.  */
| #include <sys/types.h>
| #include <sys/param.h>
| 
| int
| main ()
| {
| #if BYTE_ORDER != BIG_ENDIAN
|  not big endian
| #endif
| 
|   ;
|   return 0;
| }
configure:4129: result: no
configure:4148: checking whether make sets $(MAKE)
configure:4168: result: yes
configure:4179: checking for sqrt in -lm
configure:4209: gcc -o conftest -O2 -fomit-frame-pointer -Wall -Wextra -ffast-math -pipe -march=native -Winline -Wwrite-strings -Wundef -Wbad-function-cast -Wcast-align -Wcast-qual -Wdeclaration-after-statement   conftest.c -lm   >&5
conftest.c:18:6: warning: conflicting types for built-in function 'sqrt'; expected 'double(double)' [-Wbuiltin-declaration-mismatch]
   18 | char sqrt ();
      |      ^~~~
conftest.c:1:1: note: 'sqrt' is declared in header '<math.h>'
    1 | /* confdefs.h.  */
configure:4215: $? = 0
configure:4218: test -z 			 || test ! -s conftest.err
configure:4221: $? = 0
configure:4224: test -s conftest
configure:4227: $? = 0
configure:4240: result: yes
configure:4252: checking if malloc debugging is wanted
configure:4273: result: no
configure:4283: checking how to run the C preprocessor
configure:4318: gcc -E  conftest.c
configure:4324: $? = 0
configure:4356: gcc -E  conftest.c
conftest.c:12:10: fatal error: ac_nonexistent.h: No such file or directory
   12 | #include <ac_nonexistent.h>
      |          ^~~~~~~~~~~~~~~~~~
compilation terminated.
configure:4362: $? = 1
configure: failed program was:
| /* confdefs.h.  */
| 
| #define PACKAGE_NAME "bsp"
| #define PACKAGE_TARNAME "bsp"
| #define PACKAGE_VERSION "5.2"
| #define PACKAGE_STRING "bsp 5.2"
| #define PACKAGE_BUGREPORT ""
| #define PACKAGE "bsp"
| #define VERSION "5.2"
| #define HAVE_LIBM 1
| /* end confdefs.h.  */
| #include <ac_nonexistent.h>
configure:4401: result: gcc -E
configure:4425: gcc -E  conftest.c
configure:4431: $? = 0
configure:4463: gcc -E  conftest.c
conftest.c:12:10: fatal error: ac_nonexistent.h: No such file or directory
   12 | #include <ac_nonexistent.h>
      |          ^~~~~~~~~~~~~~~~~~
compilation terminated.
configure:4469: $? = 1
configure: failed program was:
| /* confdefs.h.  */
| 
| #define PACKAGE_NAME "bsp"
| #define PACKAGE_TARNAME "bsp"
| #define PACKAGE_VERSION "5.2"
| #define PACKAGE_STRING "bsp 5.2"
| #define PACKAGE_BUGREPORT ""
| #define PACKAGE "bsp"
| #define VERSION "5.2"
| #define HAVE_LIBM 1
| /* end confdefs.h.  */
| #include <ac_nonexistent.h>
configure:4513: checking for egrep
configure:4523: result: grep -E
configure:4528: checking for ANSI C header files
configure:4553: gcc -c -O2 -fomit-frame-pointer -Wall -Wextra -ffast-math -pipe -march=native -Winline -Wwrite-strings -Wundef -Wbad-function-cast -Wcast-align -Wcast-qual -Wdeclaration-after-statement  conftest.c >&5
configure:4559: $? = 0
configure:4562: test -z 			 || test ! -s conftest.err
configure:4565: $? = 0
configure:4568: test -s conftest.o
configure:4571: $? = 0
configure:4660: gcc -o conftest -O2 -fomit-frame-pointer -Wall -Wextra -ffast-math -pipe -march=native -Winline -Wwrite-strings -Wundef -Wbad-function-cast -Wcast-align -Wcast-qual -Wdeclaration-after-statement   conftest.c -lm  >&5
conftest.c: In function 'main':
conftest.c:29:7: warning: implicit declaration of function 'exit' [-Wimplicit-function-declaration]
   29 |       exit(2);
      |       ^~~~
conftest.c:29:7: warning: incompatible implicit declaration of built-in function 'exit'
conftest.c:13:1: note: include '<stdlib.h>' or provide a declaration of 'exit'
   12 | #include <ctype.h>
  +++ |+#include <stdlib.h>
   13 | #if ((' ' & 0x0FF) == 0x020)
conftest.c:30:3: warning: incompatible implicit declaration of built-in function 'exit'
   30 |   exit (0);
      |   ^~~~
conftest.c:30:3: note: include '<stdlib.h>' or provide a declaration of 'exit'
configure:4663: $? = 0
configure:4665: ./conftest
configure:4668: $? = 0
configure:4683: result: yes
configure:4707: checking for sys/types.h
configure:4723: gcc -c -O2 -fomit-frame-pointer -Wall -Wextra -ffast-math -pipe -march=native -Winline -Wwrite-strings -Wundef -Wbad-function-cast -Wcast-align -Wcast-qual -Wdeclaration-after-statement  conftest.c >&5
conftest.c:14:5: warning: "HAVE_SYS_TYPES_H" is not defined, evaluates to 0 [-Wundef]
   14 | #if HAVE_SYS_TYPES_H
      |     ^~~~~~~~~~~~~~~~
conftest.c:17:5: warning: "HAVE_SYS_STAT_H" is not defined, evaluates to 0 [-Wundef]
   17 | #if HAVE_SYS_STAT_H
      |     ^~~~~~~~~~~~~~~
conftest.c:28:5: warning: "HAVE_STRING_H" is not defined, evaluates to 0 [-Wundef]
   28 | #if HAVE_STRING_H
      |     ^~~~~~~~~~~~~
conftest.c:34:5: warning: "HAVE_STRINGS_H" is not defined, evaluates to 0 [-Wundef]
   34 | #if HAVE_STRINGS_H
      |     ^~~~~~~~~~~~~~
conftest.c:37:5: warning: "HAVE_INTTYPES_H" is not defined, evaluates to 0 [-Wundef]
   37 | #if HAVE_INTTYPES_H
      |     ^~~~~~~~~~~~~~~
conftest.c:40:6: warning: "HAVE_STDINT_H" is not defined, evaluates to 0 [-Wundef]
   40 | # if HAVE_STDINT_H
      |      ^~~~~~~~~~~~~
conftest.c:44:5: warning: "HAVE_UNISTD_H" is not defined, evaluates to 0 [-Wundef]
   44 | #if HAVE_UNISTD_H
      |     ^~~~~~~~~~~~~
configure:4729: $? = 0
configure:4732: test -z 			 || test ! -s conftest.err
configure:4735: $? = 0
configure:4738: test -s conftest.o
configure:4741: $? = 0
configure:4752: result: yes
configure:4707: checking for sys/stat.h
configure:4723: gcc -c -O2 -fomit-frame-pointer -Wall -Wextra -ffast-math -pipe -march=native -Winline -Wwrite-strings -Wundef -Wbad-function-cast -Wcast-align -Wcast-qual -Wdeclaration-after-statement  conftest.c >&5
conftest.c:18:5: warning: "HAVE_SYS_STAT_H" is not defined, evaluates to 0 [-Wundef]
   18 | #if HAVE_SYS_STAT_H
      |     ^~~~~~~~~~~~~~~
conftest.c:29:5: warning: "HAVE_STRING_H" is not defined, evaluates to 0 [-Wundef]
   29 | #if HAVE_STRING_H
      |     ^~~~~~~~~~~~~
conftest.c:35:5: warning: "HAVE_STRINGS_H" is not defined, evaluates to 0 [-Wundef]
   35 | #if HAVE_STRINGS_H
      |     ^~~~~~~~~~~~~~
conftest.c:38:5: warning: "HAVE_INTTYPES_H" is not defined, evaluates to 0 [-Wundef]
   38 | #if HAVE_INTTYPES_H
      |     ^~~~~~~~~~~~~~~
conftest.c:41:6: warning: "HAVE_STDINT_H" is not defined, evaluates to 0 [-Wundef]
   41 | # if HAVE_STDINT_H
      |      ^~~~~~~~~~~~~
conftest.c:45:5: warning: "HAVE_UNISTD_H" is not defined, evaluates to 0 [-Wundef]
   45 | #if HAVE_UNISTD_H
      |     ^~~~~~~~~~~~~
configure:4729: $? = 0
configure:4732: test -z 			 || test ! -s conftest.err
configure:4735: $? = 0
configure:4738: test -s conftest.o
configure:4741: $? = 0
configure:4752: result: yes
configure:4707: checking for stdlib.h
configure:4723: gcc -c -O2 -fomit-frame-pointer -Wall -Wextra -ffast-math -pipe -march=native -Winline -Wwrite-strings -Wundef -Wbad-function-cast -Wcast-align -Wcast-qual -Wdeclaration-after-statement  conftest.c >&5
conftest.c:30:5: warning: "HAVE_STRING_H" is not defined, evaluates to 0 [-Wundef]
   30 | #if HAVE_STRING_H
      |     ^~~~~~~~~~~~~
conftest.c:36:5: warning: "HAVE_STRINGS_H" is not defined, evaluates to 0 [-Wundef]
   36 | #if HAVE_STRINGS_H
      |     ^~~~~~~~~~~~~~
conftest.c:39:5: warning: "HAVE_INTTYPES_H" is not defined, evaluates to 0 [-Wundef]
   39 | #if HAVE_INTTYPES_H
      |     ^~~~~~~~~~~~~~~
conftest.c:42:6: warning: "HAVE_STDINT_H" is not defined, evaluates to 0 [-Wundef]
   42 | # if HAVE_STDINT_H
      |      ^~~~~~~~~~~~~
conftest.c:46:5: warning: "HAVE_UNISTD_H" is not defined, evaluates to 0 [-Wundef]
   46 | #if HAVE_UNISTD_H
      |     ^~~~~~~~~~~~~
configure:4729: $? = 0
configure:4732: test -z 			 || test ! -s conftest.err
configure:4735: $? = 0
configure:4738: test -s conftest.o
configure:4741: $? = 0
configure:4752: result: yes
configure:4707: checking for string.h
configure:4723: gcc -c -O2 -fomit-frame-pointer -Wall -Wextra -ffast-math -pipe -march=native -Winline -Wwrite-strings -Wundef -Wbad-function-cast -Wcast-align -Wcast-qual -Wdeclaration-after-statement  conftest.c >&5
conftest.c:31:5: warning: "HAVE_STRING_H" is not defined, evaluates to 0 [-Wundef]
   31 | #if HAVE_STRING_H
      |     ^~~~~~~~~~~~~
conftest.c:37:5: warning: "HAVE_STRINGS_H" is not defined, evaluates to 0 [-Wundef]
   37 | #if HAVE_STRINGS_H
      |     ^~~~~~~~~~~~~~
conftest.c:40:5: warning: "HAVE_INTTYPES_H" is not defined, evaluates to 0 [-Wundef]
   40 | #if HAVE_INTTYPES_H
      |     ^~~~~~~~~~~~~~~
conftest.c:43:6: warning: "HAVE_STDINT_H" is not defined, evaluates to 0 [-Wundef]
   43 | # if HAVE_STDINT_H
      |      ^~~~~~~~~~~~~
conftest.c:47:5: warning: "HAVE_UNISTD_H" is not defined, evaluates to 0 [-Wundef]
   47 | #if HAVE_UNISTD_H
      |     ^~~~~~~~~~~~~
configure:4729: $? = 0
configure:4732: test -z 			 || test ! -s conftest.err
configure:4735: $? = 0
configure:4738: test -s conftest.o
configure:4741: $? = 0
configure:4752: result: yes
configure:4707: checking for memory.h
configure:4723: gcc -c -O2 -fomit-frame-pointer -Wall -Wextra -ffast-math -pipe -march=native -Winline -Wwrite-strings -Wundef -Wbad-function-cast -Wcast-align -Wcast-qual -Wdeclaration-after-statement  conftest.c >&5
conftest.c:38:5: warning: "HAVE_STRINGS_H" is not defined, evaluates to 0 [-Wundef]
   38 | #if HAVE_STRINGS_H
      |     ^~~~~~~~~~~~~~
conftest.c:41:5: warning: "HAVE_INTTYPES_H" is not defined, evaluates to 0 [-Wundef]
   41 | #if HAVE_INTTYPES_H
      |     ^~~~~~~~~~~~~~~
conftest.c:44:6: warning: "HAVE_STDINT_H" is not defined, evaluates to 0 [-Wundef]
   44 | # if HAVE_STDINT_H
      |      ^~~~~~~~~~~~~
conftest.c:48:5: warning: "HAVE_UNISTD_H" is not defined, evaluates to 0 [-Wundef]
   48 | #if HAVE_UNISTD_H
      |     ^~~~~~~~~~~~~
configure:4729: $? = 0
configure:4732: test -z 			 || test ! -s conftest.err
configure:4735: $? = 0
configure:4738: test -s conftest.o
configure:4741: $? = 0
configure:4752: result: yes
configure:4707: checking for strings.h
configure:4723: gcc -c -O2 -fomit-frame-pointer -Wall -Wextra -ffast-math -pipe -march=native -Winline -Wwrite-strings -Wundef -Wbad-function-cast -Wcast-align -Wcast-qual -Wdeclaration-after-statement  conftest.c >&5
conftest.c:39:5: warning: "HAVE_STRINGS_H" is not defined, evaluates to 0 [-Wundef]
   39 | #if HAVE_STRINGS_H
      |     ^~~~~~~~~~~~~~
conftest.c:42:5: warning: "HAVE_INTTYPES_H" is not defined, evaluates to 0 [-Wundef]
   42 | #if HAVE_INTTYPES_H
      |     ^~~~~~~~~~~~~~~
conftest.c:45:6: warning: "HAVE_STDINT_H" is not defined, evaluates to 0 [-Wundef]
   45 | # if HAVE_STDINT_H
      |      ^~~~~~~~~~~~~
conftest.c:49:5: warning: "HAVE_UNISTD_H" is not defined, evaluates to 0 [-Wundef]
   49 | #if HAVE_UNISTD_H
      |     ^~~~~~~~~~~~~
configure:4729: $? = 0
configure:4732: test -z 			 || test ! -s conftest.err
configure:4735: $? = 0
configure:4738: test -s conftest.o
configure:4741: $? = 0
configure:4752: result: yes
configure:4707: checking for inttypes.h
configure:4723: gcc -c -O2 -fomit-frame-pointer -Wall -Wextra -ffast-math -pipe -march=native -Winline -Wwrite-strings -Wundef -Wbad-function-cast -Wcast-align -Wcast-qual -Wdeclaration-after-statement  conftest.c >&5
conftest.c:43:5: warning: "HAVE_INTTYPES_H" is not defined, evaluates to 0 [-Wundef]
   43 | #if HAVE_INTTYPES_H
      |     ^~~~~~~~~~~~~~~
conftest.c:46:6: warning: "HAVE_STDINT_H" is not defined, evaluates to 0 [-Wundef]
   46 | # if HAVE_STDINT_H
      |      ^~~~~~~~~~~~~
conftest.c:50:5: warning: "HAVE_UNISTD_H" is not defined, evaluates to 0 [-Wundef]
   50 | #if HAVE_UNISTD_H
      |     ^~~~~~~~~~~~~
configure:4729: $? = 0
configure:4732: test -z 			 || test ! -s conftest.err
configure:4735: $? = 0
configure:4738: test -s conftest.o
configure:4741: $? = 0
configure:4752: result: yes
configure:4707: checking for stdint.h
configure:4723: gcc -c -O2 -fomit-frame-pointer -Wall -Wextra -ffast-math -pipe -march=native -Winline -Wwrite-strings -Wundef -Wbad-function-cast -Wcast-align -Wcast-qual -Wdeclaration-after-statement  conftest.c >&5
conftest.c:51:5: warning: "HAVE_UNISTD_H" is not defined, evaluates to 0 [-Wundef]
   51 | #if HAVE_UNISTD_H
      |     ^~~~~~~~~~~~~
configure:4729: $? = 0
configure:4732: test -z 			 || test ! -s conftest.err
configure:4735: $? = 0
configure:4738: test -s conftest.o
configure:4741: $? = 0
configure:4752: result: yes
configure:4707: checking for unistd.h
configure:4723: gcc -c -O2 -fomit-frame-pointer -Wall -Wextra -ffast-math -pipe -march=native -Winline -Wwrite-strings -Wundef -Wbad-function-cast -Wcast-align -Wcast-qual -Wdeclaration-after-statement  conftest.c >&5
conftest.c:52:5: warning: "HAVE_UNISTD_H" is not defined, evaluates to 0 [-Wundef]
   52 | #if HAVE_UNISTD_H
      |     ^~~~~~~~~~~~~
configure:4729: $? = 0
configure:4732: test -z 			 || test ! -s conftest.err
configure:4735: $? = 0
configure:4738: test -s conftest.o
configure:4741: $? = 0
configure:4752: result: yes
configure:4769: checking for unistd.h
configure:4774: result: yes
configure:4914: checking for an ANSI C-conforming const
configure:4981: gcc -c -O2 -fomit-frame-pointer -Wall -Wextra -ffast-math -pipe -march=native -Winline -Wwrite-strings -Wundef -Wbad-function-cast -Wcast-align -Wcast-qual -Wdeclaration-after-statement  conftest.c >&5
conftest.c: In function 'main':
conftest.c:46:7: warning: cast discards 'const' qualifier from pointer target type [-Wcast-qual]
   46 |   p = (char**) ccp;
      |       ^
conftest.c:50:17: warning: unused variable 's' [-Wunused-variable]
   50 |     char const *s = 0 ? (char *) 0 : (char const *) 0;
      |                 ^
conftest.c:70:15: warning: unused variable 'foo' [-Wunused-variable]
   70 |     const int foo = 10;
      |               ^~~
conftest.c:37:29: warning: unused variable 'zero' [-Wunused-variable]
   37 |   static struct point const zero = {0,0};
      |                             ^~~~
conftest.c:31:17: warning: unused variable 'x' [-Wunused-variable]
   31 |   const charset x;
      |                 ^
At top level:
conftest.c:37:29: warning: 'zero' defined but not used [-Wunused-const-variable=]
   37 |   static struct point const zero = {0,0};
      |                             ^~~~
conftest.c: In function 'main':
conftest.c:52:7: warning: 't' is used uninitialized in this function [-Wuninitialized]
   52 |     *t++ = 0;
      |      ~^~
conftest.c:67:23: warning: 'b' is used uninitialized in this function [-Wuninitialized]
   67 |     struct s *b; b->j = 5;
      |                  ~~~~~^~~
configure:4987: $? = 0
configure:4990: test -z 			 || test ! -s conftest.err
configure:4993: $? = 0
configure:4996: test -s conftest.o
configure:4999: $? = 0
configure:5010: result: yes
configure:5020: checking for size_t
configure:5044: gcc -c -O2 -fomit-frame-pointer -Wall -Wextra -ffast-math -pipe -march=native -Winline -Wwrite-strings -Wundef -Wbad-function-cast -Wcast-align -Wcast-qual -Wdeclaration-after-statement  conftest.c >&5
configure:5050: $? = 0
configure:5053: test -z 			 || test ! -s conftest.err
configure:5056: $? = 0
configure:5059: test -s conftest.o
configure:5062: $? = 0
configure:5073: result: yes
configure:5090: checking for vprintf
configure:5147: gcc -o conftest -O2 -fomit-frame-pointer -Wall -Wextra -ffast-math -pipe -march=native -Winline -Wwrite-strings -Wundef -Wbad-function-cast -Wcast-align -Wcast-qual -Wdeclaration-after-statement   conftest.c -lm  >&5
conftest.c:47:6: warning: conflicting types for built-in function 'vprintf'; expected 'int(const char *, __va_list_tag *)' [-Wbuiltin-declaration-mismatch]
   47 | char vprintf ();
      |      ^~~~~~~
conftest.c:34:1: note: 'vprintf' is declared in header '<stdio.h>'
   33 | # include <limits.h>
   34 | #else
configure:5153: $? = 0
configure:5156: test -z 			 || test ! -s conftest.err
configure:5159: $? = 0
configure:5162: test -s conftest
configure:5165: $? = 0
configure:5177: result: yes
configure:5184: checking for _doprnt
configure:5241: gcc -o conftest -O2 -fomit-frame-pointer -Wall -Wextra -ffast-math -pipe -march=native -Winline -Wwrite-strings -Wundef -Wbad-function-cast -Wcast-align -Wcast-qual -Wdeclaration-after-statement   conftest.c -lm  >&5
/usr/bin/ld: /tmp/ccjzDGxp.o: in function `main':
conftest.c:(.text.startup+0x7): undefined reference to `_doprnt'
/usr/bin/ld: /tmp/ccjzDGxp.o:(.data.rel+0x0): undefined reference to `_doprnt'
collect2: error: ld returned 1 exit status
configure:5247: $? = 1
configure: failed program was:
| /* confdefs.h.  */
| 
| #define PACKAGE_NAME "bsp"
| #define PACKAGE_TARNAME "bsp"
| #define PACKAGE_VERSION "5.2"
| #define PACKAGE_STRING "bsp 5.2"
| #define PACKAGE_BUGREPORT ""
| #define PACKAGE "bsp"
| #define VERSION "5.2"
| #define HAVE_LIBM 1
| #define STDC_HEADERS 1
| #define HAVE_SYS_TYPES_H 1
| #define HAVE_SYS_STAT_H 1
| #define HAVE_STDLIB_H 1
| #define HAVE_STRING_H 1
| #define HAVE_MEMORY_H 1
| #define HAVE_STRINGS_H 1
| #define HAVE_INTTYPES_H 1
| #define HAVE_STDINT_H 1
| #define HAVE_UNISTD_H 1
| #define HAVE_UNISTD_H 1
| #define HAVE_VPRINTF 1
| /* end confdefs.h.  */
| /* Define _doprnt to an innocuous variant, in case <limits.h> declares _doprnt.
|    For example, HP-UX 11i <limits.h> declares gettimeofday.  */
| #define _doprnt innocuous__doprnt
| 
| /* System header to define __stub macros and hopefully few prototypes,
|     which can conflict with char _doprnt (); below.
|     Prefer <limits.h> to <assert.h> if __STDC__ is defined, since
|     <limits.h> exists even on freestanding compilers.  */
| 
| #ifdef __STDC__
| # include <limits.h>
| #else
| # include <assert.h>
| #endif
| 
| #undef _doprnt
| 
| /* Override any gcc2 internal prototype to avoid an error.  */
| #ifdef __cplusplus
| extern "C"
| {
| #endif
| /* We use char because int might match the return type of a gcc2
|    builtin and then its argument prototype would still apply.  */
| char _doprnt ();
| /* The GNU C library defines this for functions which it implements
|     to always fail with ENOSYS.  Some functions are actually named
|     something starting with __ and the normal name is an alias.  */
| #if defined (__stub__doprnt) || defined (__stub____doprnt)
| choke me
| #else
| char (*f) () = _doprnt;
| #endif
| #ifdef __cplusplus
| }
| #endif
| 
| int
| main ()
| {
| return f != _doprnt;
|   ;
|   return 0;
| }
configure:5271: result: no
configure:5291: checking for isatty
configure:5348: gcc -o conftest -O2 -fomit-frame-pointer -Wall -Wextra -ffast-math -pipe -march=native -Winline -Wwrite-strings -Wundef -Wbad-function-cast -Wcast-align -Wcast-qual -Wdeclaration-after-statement   conftest.c -lm  >&5
configure:5354: $? = 0
configure:5357: test -z 			 || test ! -s conftest.err
configure:5360: $? = 0
configure:5363: test -s conftest
configure:5366: $? = 0
configure:5378: result: yes
configure:5291: checking for unlink
configure:5348: gcc -o conftest -O2 -fomit-frame-pointer -Wall -Wextra -ffast-math -pipe -march=native -Winline -Wwrite-strings -Wundef -Wbad-function-cast -Wcast-align -Wcast-qual -Wdeclaration-after-statement   conftest.c -lm  >&5
configure:5354: $? = 0
configure:5357: test -z 			 || test ! -s conftest.err
configure:5360: $? = 0
configure:5363: test -s conftest
configure:5366: $? = 0
configure:5378: result: yes
configure:5291: checking for tmpfile
configure:5348: gcc -o conftest -O2 -fomit-frame-pointer -Wall -Wextra -ffast-math -pipe -march=native -Winline -Wwrite-strings -Wundef -Wbad-function-cast -Wcast-align -Wcast-qual -Wdeclaration-after-statement   conftest.c -lm  >&5
configure:5354: $? = 0
configure:5357: test -z 			 || test ! -s conftest.err
configure:5360: $? = 0
configure:5363: test -s conftest
configure:5366: $? = 0
configure:5378: result: yes
configure:5513: creating ./config.status

## ---------------------- ##
## Running config.status. ##
## ---------------------- ##

This file was extended by bsp config.status 5.2, which was
generated by GNU Autoconf 2.59.  Invocation command line was

  CONFIG_FILES    = 
  CONFIG_HEADERS  = 
  CONFIG_LINKS    = 
  CONFIG_COMMANDS = 
  $ ./config.status 

on thelio

config.status:720: creating Makefile
config.status:720: creating test-wads/Makefile
config.status:720: creating DOS/Makefile
config.status:720: creating Win32/Makefile
config.status:786: creating config.h
config.status:1082: executing depfiles commands

## ---------------- ##
## Cache variables. ##
## ---------------- ##

ac_cv_c_bigendian=no
ac_cv_c_compiler_gnu=yes
ac_cv_c_const=yes
ac_cv_c_inline=inline
ac_cv_env_CC_set=
ac_cv_env_CC_value=
ac_cv_env_CFLAGS_set=
ac_cv_env_CFLAGS_value=
ac_cv_env_CPPFLAGS_set=
ac_cv_env_CPPFLAGS_value=
ac_cv_env_CPP_set=
ac_cv_env_CPP_value=
ac_cv_env_LDFLAGS_set=
ac_cv_env_LDFLAGS_value=
ac_cv_env_build_alias_set=
ac_cv_env_build_alias_value=
ac_cv_env_host_alias_set=
ac_cv_env_host_alias_value=
ac_cv_env_target_alias_set=
ac_cv_env_target_alias_value=
ac_cv_exeext=
ac_cv_func__doprnt=no
ac_cv_func_isatty=yes
ac_cv_func_tmpfile=yes
ac_cv_func_unlink=yes
ac_cv_func_vprintf=yes
ac_cv_header_inttypes_h=yes
ac_cv_header_memory_h=yes
ac_cv_header_stdc=yes
ac_cv_header_stdint_h=yes
ac_cv_header_stdlib_h=yes
ac_cv_header_string_h=yes
ac_cv_header_strings_h=yes
ac_cv_header_sys_stat_h=yes
ac_cv_header_sys_types_h=yes
ac_cv_header_unistd_h=yes
ac_cv_lib_m_sqrt=yes
ac_cv_objext=o
ac_cv_path_install='/usr/bin/install -c'
ac_cv_prog_AWK=gawk
ac_cv_prog_CPP='gcc -E'
ac_cv_prog_ac_ct_CC=gcc
ac_cv_prog_cc_g=yes
ac_cv_prog_cc_stdc=
ac_cv_prog_egrep='grep -E'
ac_cv_prog_make_make_set=yes
ac_cv_type_size_t=yes
am_cv_CC_dependencies_compiler_type=gcc3

## ----------------- ##
## Output variables. ##
## ----------------- ##

ACLOCAL='${SHELL} /home/ranguli/Projects/bsp/bsp-5.2/missing --run aclocal-1.9'
AMDEPBACKSLASH='\'
AMDEP_FALSE='#'
AMDEP_TRUE=''
AMTAR='${SHELL} /home/ranguli/Projects/bsp/bsp-5.2/missing --run tar'
AUTOCONF='${SHELL} /home/ranguli/Projects/bsp/bsp-5.2/missing --run autoconf'
AUTOHEADER='${SHELL} /home/ranguli/Projects/bsp/bsp-5.2/missing --run autoheader'
AUTOMAKE='${SHELL} /home/ranguli/Projects/bsp/bsp-5.2/missing --run automake-1.9'
AWK='gawk'
CC='gcc'
CCDEPMODE='depmode=gcc3'
CFLAGS='-O2 -fomit-frame-pointer -Wall -Wextra -ffast-math -pipe -march=native -Winline -Wwrite-strings -Wundef -Wbad-function-cast -Wcast-align -Wcast-qual -Wdeclaration-after-statement'
CPP='gcc -E'
CPPFLAGS=''
CYGPATH_W='echo'
DEFS='-DHAVE_CONFIG_H'
DEPDIR='.deps'
ECHO_C=''
ECHO_N='-n'
ECHO_T=''
EGREP='grep -E'
EXEEXT=''
INSTALL_DATA='${INSTALL} -m 644'
INSTALL_PROGRAM='${INSTALL}'
INSTALL_SCRIPT='${INSTALL}'
INSTALL_STRIP_PROGRAM='${SHELL} $(install_sh) -c -s'
LDFLAGS=''
LIBOBJS=''
LIBS='-lm '
LTLIBOBJS=''
MAINT='#'
MAINTAINER_MODE_FALSE=''
MAINTAINER_MODE_TRUE='#'
MAKEINFO='${SHELL} /home/ranguli/Projects/bsp/bsp-5.2/missing --run makeinfo'
OBJEXT='o'
PACKAGE='bsp'
PACKAGE_BUGREPORT=''
PACKAGE_NAME='bsp'
PACKAGE_STRING='bsp 5.2'
PACKAGE_TARNAME='bsp'
PACKAGE_VERSION='5.2'
PATH_SEPARATOR=':'
SET_MAKE=''
SHELL='/bin/bash'
STRIP=''
VERSION='5.2'
ac_ct_CC='gcc'
ac_ct_STRIP=''
am__fastdepCC_FALSE='#'
am__fastdepCC_TRUE=''
am__include='include'
am__leading_dot='.'
am__quote=''
am__tar='${AMTAR} chof - "$$tardir"'
am__untar='${AMTAR} xf -'
bindir='${exec_prefix}/bin'
build_alias=''
datadir='${prefix}/share'
exec_prefix='${prefix}'
host_alias=''
includedir='${prefix}/include'
infodir='${prefix}/info'
install_sh='/home/ranguli/Projects/bsp/bsp-5.2/install-sh'
libdir='${exec_prefix}/lib'
libexecdir='${exec_prefix}/libexec'
localstatedir='${prefix}/var'
mandir='${prefix}/man'
mkdir_p='mkdir -p --'
oldincludedir='/usr/include'
prefix='/usr/local'
program_transform_name='s,x,x,'
sbindir='${exec_prefix}/sbin'
sharedstatedir='${prefix}/com'
sysconfdir='${prefix}/etc'
target_alias=''

## ----------- ##
## confdefs.h. ##
## ----------- ##

#define HAVE_INTTYPES_H 1
#define HAVE_ISATTY 1
#define HAVE_LIBM 1
#define HAVE_MEMORY_H 1
#define HAVE_STDINT_H 1
#define HAVE_STDLIB_H 1
#define HAVE_STRINGS_H 1
#define HAVE_STRING_H 1
#define HAVE_SYS_STAT_H 1
#define HAVE_SYS_TYPES_H 1
#define HAVE_TMPFILE 1
#define HAVE_UNISTD_H 1
#define HAVE_UNISTD_H 1
#define HAVE_UNLINK 1
#define HAVE_VPRINTF 1
#define PACKAGE "bsp"
#define PACKAGE_BUGREPORT ""
#define PACKAGE_NAME "bsp"
#define PACKAGE_STRING "bsp 5.2"
#define PACKAGE_TARNAME "bsp"
#define PACKAGE_VERSION "5.2"
#define STDC_HEADERS 1
#define VERSION "5.2"

configure: exit 0
